mkdir: cannot create directory '/global/cscratch1/sd/huikong/Obiwan/dr8/obiwan_out/cosmos_repeat//divided_randoms/': File exists
srun: Warning: can't run 1 processes on 10 nodes, setting nnodes to 1
srun: Warning: can't run 1 processes on 10 nodes, setting nnodes to 1
srun: Warning: can't run 1 processes on 10 nodes, setting nnodes to 1
srun: Warning: can't run 1 processes on 10 nodes, setting nnodes to 1
srun: Warning: can't run 1 processes on 10 nodes, setting nnodes to 1
srun: Warning: can't run 1 processes on 10 nodes, setting nnodes to 1
srun: Warning: can't run 1 processes on 10 nodes, setting nnodes to 1
srun: Warning: can't run 1 processes on 10 nodes, setting nnodes to 1
srun: Warning: can't run 1 processes on 10 nodes, setting nnodes to 1
srun: Warning: can't run 1 processes on 10 nodes, setting nnodes to 1
9
INFO:brick_stats:entering GetBrickStats...
INFO:brick_stats:CPU_COUNT 32
6
INFO:brick_stats:entering GetBrickStats...
INFO:brick_stats:CPU_COUNT 32
INFO:brick_stats:sub_surveybricks[0] brickname:1503p027 ra1 150.250000 ra2 150.500000 dec1 2.625000 dec2 2.875000
INFO:brick_stats:sub_surveybricks[3] brickname:1511p027 ra1 151.000000 ra2 151.250000 dec1 2.625000 dec2 2.875000
INFO:brick_stats:sub_surveybricks[1] brickname:1506p027 ra1 150.500000 ra2 150.750000 dec1 2.625000 dec2 2.875000
INFO:brick_stats:sub_surveybricks[4] brickname:1493p030 ra1 149.250000 ra2 149.500000 dec1 2.875000 dec2 3.125000
INFO:brick_stats:sub_surveybricks[2] brickname:1508p027 ra1 150.750000 ra2 151.000000 dec1 2.625000 dec2 2.875000
INFO:brick_stats:sub_surveybricks[5] brickname:1496p030 ra1 149.500000 ra2 149.750000 dec1 2.875000 dec2 3.125000
INFO:brick_stats:sub_surveybricks[6] brickname:1498p030 ra1 149.750000 ra2 150.000000 dec1 2.875000 dec2 3.125000
INFO:brick_stats:sub_surveybricks[7] brickname:1501p030 ra1 150.000000 ra2 150.250000 dec1 2.875000 dec2 3.125000
INFO:brick_stats:sub_surveybricks[8] brickname:1503p030 ra1 150.250000 ra2 150.500000 dec1 2.875000 dec2 3.125000
INFO:brick_stats:sub_surveybricks[9] brickname:1506p030 ra1 150.500000 ra2 150.750000 dec1 2.875000 dec2 3.125000
INFO:brick_stats:sub_surveybricks[10] brickname:1508p030 ra1 150.750000 ra2 151.000000 dec1 2.875000 dec2 3.125000
INFO:brick_stats:sub_surveybricks[11] brickname:1495p032 ra1 149.457580 ra2 149.707928 dec1 3.125000 dec2 3.375000
INFO:brick_stats:sub_surveybricks[12] brickname:1498p032 ra1 149.707928 ra2 149.958275 dec1 3.125000 dec2 3.375000
INFO:brick_stats:sub_surveybricks[13] brickname:1500p032 ra1 149.958275 ra2 150.208623 dec1 3.125000 dec2 3.375000
INFO:brick_stats:sub_surveybricks[14] brickname:1503p032 ra1 150.208623 ra2 150.458971 dec1 3.125000 dec2 3.375000
INFO:brick_stats:sub_surveybricks[15] brickname:1505p032 ra1 150.458971 ra2 150.709318 dec1 3.125000 dec2 3.375000
INFO:brick_stats:sub_surveybricks[0] brickname:1496p022 ra1 149.500000 ra2 149.750000 dec1 2.125000 dec2 2.375000
INFO:brick_stats:sub_surveybricks[3] brickname:1503p022 ra1 150.250000 ra2 150.500000 dec1 2.125000 dec2 2.375000
INFO:brick_stats:sub_surveybricks[1] brickname:1498p022 ra1 149.750000 ra2 150.000000 dec1 2.125000 dec2 2.375000
INFO:brick_stats:sub_surveybricks[4] brickname:1506p022 ra1 150.500000 ra2 150.750000 dec1 2.125000 dec2 2.375000
INFO:brick_stats:sub_surveybricks[2] brickname:1501p022 ra1 150.000000 ra2 150.250000 dec1 2.125000 dec2 2.375000
INFO:brick_stats:sub_surveybricks[5] brickname:1508p022 ra1 150.750000 ra2 151.000000 dec1 2.125000 dec2 2.375000
INFO:brick_stats:sub_surveybricks[6] brickname:1511p022 ra1 151.000000 ra2 151.250000 dec1 2.125000 dec2 2.375000
INFO:bgrick_stats:writing 1503p027
INFO:bgrick_stats:writing 1506p027
INFO:bgrick_stats:writing 1508p027
INFO:bgrick_stats:writing 1511p027
INFO:bgrick_stats:writing 1493p030
INFO:bgrick_stats:writing 1496p030
INFO:bgrick_stats:writing 1498p030
INFO:bgrick_stats:writing 1501p030
INFO:bgrick_stats:writing 1503p030
INFO:bgrick_stats:writing 1506p030
INFO:bgrick_stats:writing 1508p030
INFO:bgrick_stats:writing 1495p032
INFO:bgrick_stats:writing 1498p032
INFO:bgrick_stats:writing 1500p032
INFO:bgrick_stats:writing 1503p032
INFO:bgrick_stats:writing 1505p032
INFO:brick_stats:exiting GetBrickStats...
INFO:brick_stats:brick 1501p022 length 129793
INFO:brick_stats:brick 1496p022 length 130847
INFO:brick_stats:brick 1498p022 length 130111
INFO:brick_stats:brick 1506p022 length 129828
INFO:brick_stats:brick 1508p022 length 130293
INFO:brick_stats:brick 1503p022 length 130135
7
INFO:brick_stats:entering GetBrickStats...
INFO:brick_stats:CPU_COUNT 32
INFO:brick_stats:sub_surveybricks[0] brickname:1491p025 ra1 149.000000 ra2 149.250000 dec1 2.375000 dec2 2.625000
INFO:brick_stats:sub_surveybricks[3] brickname:1498p025 ra1 149.750000 ra2 150.000000 dec1 2.375000 dec2 2.625000
INFO:brick_stats:sub_surveybricks[1] brickname:1493p025 ra1 149.250000 ra2 149.500000 dec1 2.375000 dec2 2.625000
INFO:brick_stats:sub_surveybricks[4] brickname:1501p025 ra1 150.000000 ra2 150.250000 dec1 2.375000 dec2 2.625000
INFO:brick_stats:sub_surveybricks[2] brickname:1496p025 ra1 149.500000 ra2 149.750000 dec1 2.375000 dec2 2.625000
INFO:brick_stats:sub_surveybricks[5] brickname:1503p025 ra1 150.250000 ra2 150.500000 dec1 2.375000 dec2 2.625000
INFO:brick_stats:sub_surveybricks[6] brickname:1506p025 ra1 150.500000 ra2 150.750000 dec1 2.375000 dec2 2.625000
8
INFO:brick_stats:entering GetBrickStats...
INFO:brick_stats:CPU_COUNT 32
INFO:brick_stats:sub_surveybricks[3] brickname:1493p027 ra1 149.250000 ra2 149.500000 dec1 2.625000 dec2 2.875000
INFO:brick_stats:sub_surveybricks[4] brickname:1496p027 ra1 149.500000 ra2 149.750000 dec1 2.625000 dec2 2.875000
INFO:brick_stats:sub_surveybricks[2] brickname:1491p027 ra1 149.000000 ra2 149.250000 dec1 2.625000 dec2 2.875000
INFO:brick_stats:sub_surveybricks[0] brickname:1508p025 ra1 150.750000 ra2 151.000000 dec1 2.375000 dec2 2.625000
INFO:brick_stats:sub_surveybricks[5] brickname:1498p027 ra1 149.750000 ra2 150.000000 dec1 2.625000 dec2 2.875000
INFO:brick_stats:sub_surveybricks[6] brickname:1501p027 ra1 150.000000 ra2 150.250000 dec1 2.625000 dec2 2.875000
INFO:brick_stats:sub_surveybricks[1] brickname:1511p025 ra1 151.000000 ra2 151.250000 dec1 2.375000 dec2 2.625000
0
INFO:brick_stats:entering GetBrickStats...
INFO:brick_stats:CPU_COUNT 32
INFO:brick_stats:sub_surveybricks[0] brickname:1491p010 ra1 149.000000 ra2 149.250000 dec1 0.875000 dec2 1.125000
INFO:brick_stats:sub_surveybricks[3] brickname:1498p010 ra1 149.750000 ra2 150.000000 dec1 0.875000 dec2 1.125000
INFO:brick_stats:sub_surveybricks[1] brickname:1493p010 ra1 149.250000 ra2 149.500000 dec1 0.875000 dec2 1.125000
INFO:brick_stats:sub_surveybricks[4] brickname:1501p010 ra1 150.000000 ra2 150.250000 dec1 0.875000 dec2 1.125000
INFO:brick_stats:sub_surveybricks[2] brickname:1496p010 ra1 149.500000 ra2 149.750000 dec1 0.875000 dec2 1.125000
INFO:brick_stats:sub_surveybricks[5] brickname:1503p010 ra1 150.250000 ra2 150.500000 dec1 0.875000 dec2 1.125000
INFO:brick_stats:sub_surveybricks[6] brickname:1506p010 ra1 150.500000 ra2 150.750000 dec1 0.875000 dec2 1.125000
INFO:brick_stats:brick 1501p025 length 116618
INFO:brick_stats:brick 1498p025 length 116846
INFO:brick_stats:brick 1496p025 length 117388
INFO:brick_stats:brick 1506p025 length 118066
INFO:brick_stats:brick 1503p025 length 116975
INFO:brick_stats:brick 1493p025 length 117392
INFO:brick_stats:brick 1491p025 length 117908
5
INFO:brick_stats:entering GetBrickStats...
INFO:brick_stats:CPU_COUNT 32
INFO:bgrick_stats:writing 1491p010
INFO:bgrick_stats:writing 1493p010
INFO:bgrick_stats:writing 1496p010
INFO:bgrick_stats:writing 1498p010
INFO:bgrick_stats:writing 1501p010
INFO:bgrick_stats:writing 1503p010
INFO:bgrick_stats:writing 1506p010
INFO:brick_stats:exiting GetBrickStats...
INFO:brick_stats:brick 1508p025 length 116535
INFO:brick_stats:sub_surveybricks[0] brickname:1501p020 ra1 150.000000 ra2 150.250000 dec1 1.875000 dec2 2.125000
INFO:brick_stats:sub_surveybricks[3] brickname:1508p020 ra1 150.750000 ra2 151.000000 dec1 1.875000 dec2 2.125000
INFO:brick_stats:sub_surveybricks[1] brickname:1503p020 ra1 150.250000 ra2 150.500000 dec1 1.875000 dec2 2.125000
INFO:brick_stats:sub_surveybricks[4] brickname:1511p020 ra1 151.000000 ra2 151.250000 dec1 1.875000 dec2 2.125000
INFO:brick_stats:sub_surveybricks[2] brickname:1506p020 ra1 150.500000 ra2 150.750000 dec1 1.875000 dec2 2.125000
INFO:brick_stats:sub_surveybricks[5] brickname:1491p022 ra1 149.000000 ra2 149.250000 dec1 2.125000 dec2 2.375000
INFO:brick_stats:sub_surveybricks[6] brickname:1493p022 ra1 149.250000 ra2 149.500000 dec1 2.125000 dec2 2.375000
INFO:brick_stats:brick 1506p020 length 130370
INFO:brick_stats:brick 1503p020 length 130188
INFO:brick_stats:brick 1493p022 length 129562
INFO:brick_stats:brick 1508p020 length 129775
INFO:brick_stats:brick 1491p022 length 130272
INFO:brick_stats:brick 1501p020 length 129616
3
INFO:brick_stats:entering GetBrickStats...
INFO:brick_stats:CPU_COUNT 32
INFO:brick_stats:sub_surveybricks[0] brickname:1508p015 ra1 150.750000 ra2 151.000000 dec1 1.375000 dec2 1.625000
INFO:brick_stats:sub_surveybricks[3] brickname:1496p017 ra1 149.500000 ra2 149.750000 dec1 1.625000 dec2 1.875000
INFO:brick_stats:sub_surveybricks[1] brickname:1491p017 ra1 149.000000 ra2 149.250000 dec1 1.625000 dec2 1.875000
INFO:brick_stats:sub_surveybricks[4] brickname:1498p017 ra1 149.750000 ra2 150.000000 dec1 1.625000 dec2 1.875000
INFO:brick_stats:sub_surveybricks[2] brickname:1493p017 ra1 149.250000 ra2 149.500000 dec1 1.625000 dec2 1.875000
INFO:brick_stats:sub_surveybricks[5] brickname:1501p017 ra1 150.000000 ra2 150.250000 dec1 1.625000 dec2 1.875000
INFO:brick_stats:sub_surveybricks[6] brickname:1503p017 ra1 150.250000 ra2 150.500000 dec1 1.625000 dec2 1.875000
INFO:brick_stats:brick 1491p017 length 129757
INFO:bgrick_stats:writing 1496p022
INFO:bgrick_stats:writing 1498p022
INFO:brick_stats:brick 1508p015 length 117348
INFO:bgrick_stats:writing 1501p022
INFO:brick_stats:brick 1501p017 length 130225
INFO:brick_stats:brick 1498p017 length 131062
INFO:bgrick_stats:writing 1503p022
INFO:brick_stats:brick 1503p017 length 130334
INFO:brick_stats:brick 1493p017 length 130418
INFO:bgrick_stats:writing 1506p022
INFO:bgrick_stats:writing 1508p022
INFO:brick_stats:brick 1496p017 length 130257
INFO:bgrick_stats:writing 1511p022
INFO:brick_stats:exiting GetBrickStats...
4
INFO:brick_stats:entering GetBrickStats...
INFO:brick_stats:CPU_COUNT 32
INFO:brick_stats:sub_surveybricks[0] brickname:1506p017 ra1 150.500000 ra2 150.750000 dec1 1.625000 dec2 1.875000
INFO:brick_stats:sub_surveybricks[1] brickname:1508p017 ra1 150.750000 ra2 151.000000 dec1 1.625000 dec2 1.875000
INFO:brick_stats:sub_surveybricks[3] brickname:1491p020 ra1 149.000000 ra2 149.250000 dec1 1.875000 dec2 2.125000
INFO:brick_stats:sub_surveybricks[4] brickname:1493p020 ra1 149.250000 ra2 149.500000 dec1 1.875000 dec2 2.125000
INFO:brick_stats:sub_surveybricks[2] brickname:1511p017 ra1 151.000000 ra2 151.250000 dec1 1.625000 dec2 1.875000
INFO:brick_stats:sub_surveybricks[5] brickname:1496p020 ra1 149.500000 ra2 149.750000 dec1 1.875000 dec2 2.125000
INFO:brick_stats:sub_surveybricks[6] brickname:1498p020 ra1 149.750000 ra2 150.000000 dec1 1.875000 dec2 2.125000
INFO:brick_stats:brick 1508p017 length 130115
1
INFO:brick_stats:entering GetBrickStats...
INFO:brick_stats:CPU_COUNT 32
INFO:brick_stats:brick 1493p020 length 130425
INFO:brick_stats:sub_surveybricks[0] brickname:1491p012 ra1 149.000000 ra2 149.250000 dec1 1.125000 dec2 1.375000
INFO:brick_stats:sub_surveybricks[3] brickname:1498p012 ra1 149.750000 ra2 150.000000 dec1 1.125000 dec2 1.375000
INFO:brick_stats:sub_surveybricks[1] brickname:1493p012 ra1 149.250000 ra2 149.500000 dec1 1.125000 dec2 1.375000
INFO:brick_stats:sub_surveybricks[4] brickname:1501p012 ra1 150.000000 ra2 150.250000 dec1 1.125000 dec2 1.375000
INFO:brick_stats:sub_surveybricks[2] brickname:1496p012 ra1 149.500000 ra2 149.750000 dec1 1.125000 dec2 1.375000
INFO:brick_stats:sub_surveybricks[5] brickname:1503p012 ra1 150.250000 ra2 150.500000 dec1 1.125000 dec2 1.375000
INFO:brick_stats:sub_surveybricks[6] brickname:1506p012 ra1 150.500000 ra2 150.750000 dec1 1.125000 dec2 1.375000
INFO:brick_stats:brick 1498p020 length 129889
INFO:brick_stats:brick 1506p017 length 130872
INFO:brick_stats:brick 1491p020 length 130246
INFO:brick_stats:brick 1496p020 length 130023
INFO:bgrick_stats:writing 1491p012
INFO:bgrick_stats:writing 1493p012
INFO:bgrick_stats:writing 1496p012
INFO:bgrick_stats:writing 1498p012
INFO:bgrick_stats:writing 1501p012
INFO:bgrick_stats:writing 1503p012
INFO:bgrick_stats:writing 1506p012
INFO:brick_stats:exiting GetBrickStats...
INFO:bgrick_stats:writing 1508p025
INFO:bgrick_stats:writing 1511p025
INFO:bgrick_stats:writing 1491p027
INFO:bgrick_stats:writing 1493p027
INFO:bgrick_stats:writing 1496p027
INFO:bgrick_stats:writing 1498p027
INFO:bgrick_stats:writing 1501p027
INFO:brick_stats:exiting GetBrickStats...
2
INFO:brick_stats:entering GetBrickStats...
INFO:brick_stats:CPU_COUNT 32
INFO:brick_stats:sub_surveybricks[0] brickname:1491p015 ra1 149.000000 ra2 149.250000 dec1 1.375000 dec2 1.625000
INFO:brick_stats:sub_surveybricks[3] brickname:1498p015 ra1 149.750000 ra2 150.000000 dec1 1.375000 dec2 1.625000
INFO:brick_stats:sub_surveybricks[1] brickname:1493p015 ra1 149.250000 ra2 149.500000 dec1 1.375000 dec2 1.625000
INFO:brick_stats:sub_surveybricks[4] brickname:1501p015 ra1 150.000000 ra2 150.250000 dec1 1.375000 dec2 1.625000
INFO:brick_stats:sub_surveybricks[2] brickname:1496p015 ra1 149.500000 ra2 149.750000 dec1 1.375000 dec2 1.625000
INFO:brick_stats:sub_surveybricks[5] brickname:1503p015 ra1 150.250000 ra2 150.500000 dec1 1.375000 dec2 1.625000
INFO:brick_stats:sub_surveybricks[6] brickname:1506p015 ra1 150.500000 ra2 150.750000 dec1 1.375000 dec2 1.625000
INFO:brick_stats:brick 1496p015 length 116171
INFO:brick_stats:brick 1498p015 length 117500
INFO:brick_stats:brick 1506p015 length 117326
INFO:brick_stats:brick 1501p015 length 117479
INFO:brick_stats:brick 1503p015 length 117455
INFO:brick_stats:brick 1493p015 length 117180
INFO:brick_stats:brick 1491p015 length 117400
INFO:bgrick_stats:writing 1491p025
INFO:bgrick_stats:writing 1493p025
INFO:bgrick_stats:writing 1496p025
INFO:bgrick_stats:writing 1498p025
INFO:bgrick_stats:writing 1501p025
INFO:bgrick_stats:writing 1503p025
INFO:bgrick_stats:writing 1506p025
INFO:brick_stats:exiting GetBrickStats...
INFO:bgrick_stats:writing 1501p020
INFO:bgrick_stats:writing 1503p020
INFO:bgrick_stats:writing 1506p020
INFO:bgrick_stats:writing 1508p020
INFO:bgrick_stats:writing 1511p020
INFO:bgrick_stats:writing 1491p022
INFO:bgrick_stats:writing 1493p022
INFO:brick_stats:exiting GetBrickStats...
INFO:bgrick_stats:writing 1508p015
INFO:bgrick_stats:writing 1491p017
INFO:bgrick_stats:writing 1493p017
INFO:bgrick_stats:writing 1496p017
INFO:bgrick_stats:writing 1498p017
INFO:bgrick_stats:writing 1501p017
INFO:bgrick_stats:writing 1503p017
INFO:brick_stats:exiting GetBrickStats...
INFO:bgrick_stats:writing 1506p017
INFO:bgrick_stats:writing 1508p017
INFO:bgrick_stats:writing 1511p017
INFO:bgrick_stats:writing 1491p020
INFO:bgrick_stats:writing 1493p020
INFO:bgrick_stats:writing 1496p020
INFO:bgrick_stats:writing 1498p020
INFO:brick_stats:exiting GetBrickStats...
INFO:bgrick_stats:writing 1491p015
INFO:bgrick_stats:writing 1493p015
INFO:bgrick_stats:writing 1496p015
INFO:bgrick_stats:writing 1498p015
INFO:bgrick_stats:writing 1501p015
INFO:bgrick_stats:writing 1503p015
INFO:bgrick_stats:writing 1506p015
INFO:brick_stats:exiting GetBrickStats...
